# JRE version: Java(TM) SE Runtime Environment (8.0_191-b12) (build 1.8.0_191-b12)
# Java VM: Java HotSpot(TM) 64-Bit Server VM (25.191-b12 mixed mode linux-amd64 compressed oops)
Heap:
 PSYoungGen      total 181248K, used 53100K [0x00000000ecd00000, 0x00000000fd100000, 0x0000000100000000)
  eden space 136192K, 36% used [0x00000000ecd00000,0x00000000efd322b8,0x00000000f5200000)
  from space 45056K, 8% used [0x00000000f5200000,0x00000000f55a8e00,0x00000000f7e00000)
  to   space 44544K, 0% used [0x00000000fa580000,0x00000000fa580000,0x00000000fd100000)
 ParOldGen       total 184832K, used 117498K [0x00000000c6600000, 0x00000000d1a80000, 0x00000000ecd00000)
  object space 184832K, 63% used [0x00000000c6600000,0x00000000cd8be980,0x00000000d1a80000)
 Metaspace       used 38629K, capacity 39842K, committed 40064K, reserved 1083392K
  class space    used 4940K, capacity 5155K, committed 5248K, reserved 1048576K
GC Heap History (10 events):
Event: 21,954 GC heap before
{Heap before GC invocations=10 (full 1):
 PSYoungGen      total 116736K, used 115645K [0x00000000ecd00000, 0x00000000f5480000, 0x0000000100000000)
  eden space 101376K, 100% used [0x00000000ecd00000,0x00000000f3000000,0x00000000f3000000)
  from space 15360K, 92% used [0x00000000f4180000,0x00000000f4f6f5d0,0x00000000f5080000)
  to   space 17920K, 0% used [0x00000000f3000000,0x00000000f3000000,0x00000000f4180000)
 ParOldGen       total 59904K, used 26943K [0x00000000c6600000, 0x00000000ca080000, 0x00000000ecd00000)
  object space 59904K, 44% used [0x00000000c6600000,0x00000000c804ff20,0x00000000ca080000)
 Metaspace       used 27601K, capacity 28578K, committed 28928K, reserved 1075200K
  class space    used 3354K, capacity 3507K, committed 3584K, reserved 1048576K
Event: 22,035 GC heap after
Heap after GC invocations=10 (full 1):
 PSYoungGen      total 119296K, used 17888K [0x00000000ecd00000, 0x00000000fa600000, 0x0000000100000000)
  eden space 101376K, 0% used [0x00000000ecd00000,0x00000000ecd00000,0x00000000f3000000)
  from space 17920K, 99% used [0x00000000f3000000,0x00000000f4178290,0x00000000f4180000)
  to   space 35840K, 0% used [0x00000000f8300000,0x00000000f8300000,0x00000000fa600000)
 ParOldGen       total 65024K, used 64210K [0x00000000c6600000, 0x00000000ca580000, 0x00000000ecd00000)
  object space 65024K, 98% used [0x00000000c6600000,0x00000000ca4b4a40,0x00000000ca580000)
 Metaspace       used 27601K, capacity 28578K, committed 28928K, reserved 1075200K
  class space    used 3354K, capacity 3507K, committed 3584K, reserved 1048576K
}
Event: 22,035 GC heap before
{Heap before GC invocations=11 (full 2):
 PSYoungGen      total 119296K, used 17888K [0x00000000ecd00000, 0x00000000fa600000, 0x0000000100000000)
  eden space 101376K, 0% used [0x00000000ecd00000,0x00000000ecd00000,0x00000000f3000000)
  from space 17920K, 99% used [0x00000000f3000000,0x00000000f4178290,0x00000000f4180000)
  to   space 35840K, 0% used [0x00000000f8300000,0x00000000f8300000,0x00000000fa600000)
 ParOldGen       total 65024K, used 64210K [0x00000000c6600000, 0x00000000ca580000, 0x00000000ecd00000)
  object space 65024K, 98% used [0x00000000c6600000,0x00000000ca4b4a40,0x00000000ca580000)
 Metaspace       used 27601K, capacity 28578K, committed 28928K, reserved 1075200K
  class space    used 3354K, capacity 3507K, committed 3584K, reserved 1048576K
Event: 22,272 GC heap after
Heap after GC invocations=11 (full 2):
 PSYoungGen      total 119296K, used 15238K [0x00000000ecd00000, 0x00000000fa600000, 0x0000000100000000)
  eden space 101376K, 0% used [0x00000000ecd00000,0x00000000ecd00000,0x00000000f3000000)
  from space 17920K, 85% used [0x00000000f3000000,0x00000000f3ee1b08,0x00000000f4180000)
  to   space 35840K, 0% used [0x00000000f8300000,0x00000000f8300000,0x00000000fa600000)
 ParOldGen       total 117760K, used 64877K [0x00000000c6600000, 0x00000000cd900000, 0x00000000ecd00000)
  object space 117760K, 55% used [0x00000000c6600000,0x00000000ca55b648,0x00000000cd900000)
 Metaspace       used 27601K, capacity 28578K, committed 28928K, reserved 1075200K
  class space    used 3354K, capacity 3507K, committed 3584K, reserved 1048576K
}
Event: 24,978 GC heap before
{Heap before GC invocations=12 (full 2):
 PSYoungGen      total 119296K, used 116614K [0x00000000ecd00000, 0x00000000fa600000, 0x0000000100000000)
  eden space 101376K, 100% used [0x00000000ecd00000,0x00000000f3000000,0x00000000f3000000)
  from space 17920K, 85% used [0x00000000f3000000,0x00000000f3ee1b08,0x00000000f4180000)
  to   space 35840K, 0% used [0x00000000f8300000,0x00000000f8300000,0x00000000fa600000)
 ParOldGen       total 117760K, used 64877K [0x00000000c6600000, 0x00000000cd900000, 0x00000000ecd00000)
  object space 117760K, 55% used [0x00000000c6600000,0x00000000ca55b648,0x00000000cd900000)
 Metaspace       used 28615K, capacity 29618K, committed 29952K, reserved 1075200K
  class space    used 3525K, capacity 3721K, committed 3840K, reserved 1048576K
Event: 25,058 GC heap after
Heap after GC invocations=12 (full 2):
 PSYoungGen      total 172032K, used 35817K [0x00000000ecd00000, 0x00000000faa00000, 0x0000000100000000)
  eden space 136192K, 0% used [0x00000000ecd00000,0x00000000ecd00000,0x00000000f5200000)
  from space 35840K, 99% used [0x00000000f8300000,0x00000000fa5fa530,0x00000000fa600000)
  to   space 45056K, 0% used [0x00000000f5200000,0x00000000f5200000,0x00000000f7e00000)
 ParOldGen       total 117760K, used 73577K [0x00000000c6600000, 0x00000000cd900000, 0x00000000ecd00000)
  object space 117760K, 62% used [0x00000000c6600000,0x00000000cadda760,0x00000000cd900000)
 Metaspace       used 28615K, capacity 29618K, committed 29952K, reserved 1075200K
  class space    used 3525K, capacity 3721K, committed 3840K, reserved 1048576K
}
Event: 130,504 GC heap before
{Heap before GC invocations=13 (full 2):
 PSYoungGen      total 172032K, used 172009K [0x00000000ecd00000, 0x00000000faa00000, 0x0000000100000000)
  eden space 136192K, 100% used [0x00000000ecd00000,0x00000000f5200000,0x00000000f5200000)
  from space 35840K, 99% used [0x00000000f8300000,0x00000000fa5fa530,0x00000000fa600000)
  to   space 45056K, 0% used [0x00000000f5200000,0x00000000f5200000,0x00000000f7e00000)
 ParOldGen       total 117760K, used 73577K [0x00000000c6600000, 0x00000000cd900000, 0x00000000ecd00000)
  object space 117760K, 62% used [0x00000000c6600000,0x00000000cadda760,0x00000000cd900000)
 Metaspace       used 38298K, capacity 39426K, committed 39808K, reserved 1083392K
  class space    used 4909K, capacity 5127K, committed 5248K, reserved 1048576K
Event: 130,631 GC heap after
Heap after GC invocations=13 (full 2):
 PSYoungGen      total 181248K, used 23370K [0x00000000ecd00000, 0x00000000fd100000, 0x0000000100000000)
  eden space 136192K, 0% used [0x00000000ecd00000,0x00000000ecd00000,0x00000000f5200000)
  from space 45056K, 51% used [0x00000000f5200000,0x00000000f68d2a58,0x00000000f7e00000)
  to   space 44544K, 0% used [0x00000000fa580000,0x00000000fa580000,0x00000000fd100000)
 ParOldGen       total 117760K, used 109767K [0x00000000c6600000, 0x00000000cd900000, 0x00000000ecd00000)
  object space 117760K, 93% used [0x00000000c6600000,0x00000000cd131e48,0x00000000cd900000)
 Metaspace       used 38298K, capacity 39426K, committed 39808K, reserved 1083392K
  class space    used 4909K, capacity 5127K, committed 5248K, reserved 1048576K
}
Event: 130,631 GC heap before
{Heap before GC invocations=14 (full 3):
 PSYoungGen      total 181248K, used 23370K [0x00000000ecd00000, 0x00000000fd100000, 0x0000000100000000)
  eden space 136192K, 0% used [0x00000000ecd00000,0x00000000ecd00000,0x00000000f5200000)
  from space 45056K, 51% used [0x00000000f5200000,0x00000000f68d2a58,0x00000000f7e00000)
  to   space 44544K, 0% used [0x00000000fa580000,0x00000000fa580000,0x00000000fd100000)
 ParOldGen       total 117760K, used 109767K [0x00000000c6600000, 0x00000000cd900000, 0x00000000ecd00000)
  object space 117760K, 93% used [0x00000000c6600000,0x00000000cd131e48,0x00000000cd900000)
 Metaspace       used 38298K, capacity 39426K, committed 39808K, reserved 1083392K
  class space    used 4909K, capacity 5127K, committed 5248K, reserved 1048576K
Event: 131,039 GC heap after
Heap after GC invocations=14 (full 3):
 PSYoungGen      total 181248K, used 3747K [0x00000000ecd00000, 0x00000000fd100000, 0x0000000100000000)
  eden space 136192K, 0% used [0x00000000ecd00000,0x00000000ecd00000,0x00000000f5200000)
  from space 45056K, 8% used [0x00000000f5200000,0x00000000f55a8e00,0x00000000f7e00000)
  to   space 44544K, 0% used [0x00000000fa580000,0x00000000fa580000,0x00000000fd100000)
 ParOldGen       total 184832K, used 117498K [0x00000000c6600000, 0x00000000d1a80000, 0x00000000ecd00000)
  object space 184832K, 63% used [0x00000000c6600000,0x00000000cd8be980,0x00000000d1a80000)
 Metaspace       used 38298K, capacity 39426K, committed 39808K, reserved 1083392K
  class space    used 4909K, capacity 5127K, committed 5248K, reserved 1048576K
}

